2021-05-27 11:52:04,474  INFO [main] RegisterPage:230 - Expected and Actual alert message matched
2021-05-27 11:53:24,598  INFO [main] RegisterPage:26 - Expected Url = file:///C:/Offline%20Website/pages/examples/register.html
2021-05-27 11:53:24,614  INFO [main] RegisterPage:30 - Actual Url = file:///C:/Offline%20Website/pages/examples/register.html
2021-05-27 11:53:24,622  INFO [main] RegisterPage:35 - Actual and expected Url matched
2021-05-27 11:53:24,650  INFO [main] RegisterPage:51 - Expected Title = JavaByKiran | Registration Page
2021-05-27 11:53:24,666  INFO [main] RegisterPage:55 - Actual Title = JavaByKiran | Registration Page
2021-05-27 11:53:24,667  INFO [main] RegisterPage:60 - Actual and expected title matched
2021-05-27 11:53:24,724  INFO [main] RegisterPage:76 - Actual Heading = Java By Kiran
2021-05-27 11:53:24,740  INFO [main] RegisterPage:80 - Expected Heading = Java By Kiran
2021-05-27 11:53:24,740  INFO [main] RegisterPage:85 - Actual and Expected Heading matched
2021-05-27 11:53:24,808  INFO [main] RegisterPage:101 - Actual Already Member Link Text = I already have a membership
2021-05-27 11:53:24,808  INFO [main] RegisterPage:105 - Expected Already Member Link Text = I already have a membership
2021-05-27 11:53:24,808  INFO [main] RegisterPage:110 - Actual and Expected Already Member Link Text matched
2021-05-27 11:53:25,086  INFO [main] RegisterPage:128 - Expected Title = JavaByKiran | Log in
2021-05-27 11:53:25,095  INFO [main] RegisterPage:132 - Actual Title = JavaByKiran | Log in
2021-05-27 11:53:25,332  INFO [main] RegisterPage:139 - Actual and expected title matched
2021-05-27 11:53:25,507  INFO [main] RegisterPage:155 - Actual Placeholder Texts = [Name, Mobile, Email, Password]
2021-05-27 11:53:25,507  INFO [main] RegisterPage:163 - Expected Placeholder Texts = [Name, Mobile, Email, Password]
2021-05-27 11:53:25,523  INFO [main] RegisterPage:168 - Actual and Expected Placeholder texts matched
2021-05-27 11:53:25,743  INFO [main] RegisterPage:186 - Actual Error Messages = [Please enter Name., Please enter Mobile., Please enter Email., Please enter Password.]
2021-05-27 11:53:25,749  INFO [main] RegisterPage:194 - Expected error Messages = [Please enter Name., Please enter Mobile., Please enter Email., Please enter Password.]
2021-05-27 11:53:25,749  INFO [main] RegisterPage:199 - Expected and Actual error messages matched
2021-05-27 11:53:26,239  INFO [main] RegisterPage:221 - Expected Alert Message = User registered successfully.
2021-05-27 11:53:26,265  INFO [main] RegisterPage:225 - Actual Alert Message = User registered successfully.
2021-05-27 11:53:26,271  INFO [main] RegisterPage:230 - Expected and Actual alert message matched
